<?xml version="1.0" encoding="UTF-8"?>
<robot generator="Robot 4.1.1 (Python 3.9.5 on darwin)" generated="20211029 13:50:27.136" rpa="false" schemaversion="2">
<suite id="s1" name="Tests" source="/Users/luccasouza/GravidadeZERO/nBank/Tests">
<suite id="s1-s1" name="Pix" source="/Users/luccasouza/GravidadeZERO/nBank/Tests/pix.robot">
<test id="s1-s1-t1" name="Cenario 2: Fazer PIX">
<kw name="Start Session" library="base" type="SETUP">
<kw name="New Browser" library="Browser">
<arg>chromium</arg>
<arg>headless=False</arg>
<arg>slowMo=00:00:01</arg>
<tag>BrowserControl</tag>
<tag>Setter</tag>
<doc>Create a new playwright Browser with specified options.</doc>
<msg timestamp="20211029 13:50:28.836" level="INFO">{"browser": "chromium", "headless": false, "handleSIGINT": true, "handleSIGTERM": true, "handleSIGHUP": true, "timeout": 30000.0, "devtools": false, "slowMo": 1000.0, "tracesDir": "/Users/luccasouza/GravidadeZERO/nBank/logs/browser/traces/5e5acd0b-78e5-4583-88ba-6507b4e44488"}</msg>
<msg timestamp="20211029 13:50:30.137" level="INFO">Successfully created browser with options: {"browser":"chromium","headless":false,"handleSIGINT":true,"handleSIGTERM":true,"handleSIGHUP":true,"timeout":30000,"devtools":false,"slowMo":1000,"tracesDir":"/Users/luccasouza/GravidadeZERO/nBank/logs/browser/traces/5e5acd0b-78e5-4583-88ba-6507b4e44488"}</msg>
<status status="PASS" starttime="20211029 13:50:28.835" endtime="20211029 13:50:30.137"/>
</kw>
<kw name="New Page" library="Browser">
<arg>${BASE_URL}</arg>
<tag>BrowserControl</tag>
<tag>Setter</tag>
<doc>Open a new Page. A Page is the Playwright equivalent to a tab.
See `Browser, Context and Page` for more information about Page concept.
Returns a stable identifier for the created page.</doc>
<msg timestamp="20211029 13:50:33.139" level="INFO">Successfully initialized new page object and opened url: https://nbank.vercel.app</msg>
<msg timestamp="20211029 13:50:33.140" level="INFO">No context was open. New context was automatically opened when this page is created.</msg>
<status status="PASS" starttime="20211029 13:50:30.138" endtime="20211029 13:50:33.140"/>
</kw>
<status status="PASS" starttime="20211029 13:50:28.834" endtime="20211029 13:50:33.141"/>
</kw>
<kw name="Factory Pix Valido" library="pix">
<var>${pix_valido}</var>
<msg timestamp="20211029 13:50:33.142" level="INFO">${pix_valido} = {'banco': 'Nubank', 'chave_pix': '23526722871', 'valor': '100'}</msg>
<status status="PASS" starttime="20211029 13:50:33.141" endtime="20211029 13:50:33.142"/>
</kw>
<kw name="Go To PIX Form" library="actions">
<kw name="Click" library="Browser">
<arg>css=.button &gt;&gt; text=Fazer PIX</arg>
<tag>PageContent</tag>
<tag>Setter</tag>
<doc>Simulates mouse click on the element found by ``selector``.</doc>
<status status="PASS" starttime="20211029 13:50:33.143" endtime="20211029 13:50:34.291"/>
</kw>
<status status="PASS" starttime="20211029 13:50:33.142" endtime="20211029 13:50:34.292"/>
</kw>
<kw name="Fill PIX Form" library="actions">
<arg>${pix_valido}</arg>
<kw name="Select Options By" library="Browser">
<arg>css=.field select</arg>
<arg>value</arg>
<arg>${pix_form}[banco]</arg>
<tag>PageContent</tag>
<tag>Setter</tag>
<doc>Selects options from select element found by ``selector``.</doc>
<status status="PASS" starttime="20211029 13:50:34.294" endtime="20211029 13:50:35.339"/>
</kw>
<kw name="Fill Text" library="Browser">
<arg>css=#chave-pix</arg>
<arg>${pix_form}[chave_pix]</arg>
<tag>PageContent</tag>
<tag>Setter</tag>
<doc>Clears and fills the given ``txt`` into the text field found by ``selector``.</doc>
<msg timestamp="20211029 13:50:35.340" level="INFO">Fills the text '23526722871' in the given field.</msg>
<status status="PASS" starttime="20211029 13:50:35.339" endtime="20211029 13:50:36.410"/>
</kw>
<kw name="Fill Text" library="Browser">
<arg>css=#valor</arg>
<arg>${pix_form}[valor]</arg>
<tag>PageContent</tag>
<tag>Setter</tag>
<doc>Clears and fills the given ``txt`` into the text field found by ``selector``.</doc>
<msg timestamp="20211029 13:50:36.411" level="INFO">Fills the text '100' in the given field.</msg>
<status status="PASS" starttime="20211029 13:50:36.410" endtime="20211029 13:50:37.461"/>
</kw>
<status status="PASS" starttime="20211029 13:50:34.293" endtime="20211029 13:50:37.461"/>
</kw>
<kw name="Submit Pix Form" library="actions">
<kw name="Click" library="Browser">
<arg>css=button &gt;&gt; text= Enviar PIX</arg>
<tag>PageContent</tag>
<tag>Setter</tag>
<doc>Simulates mouse click on the element found by ``selector``.</doc>
<status status="PASS" starttime="20211029 13:50:37.463" endtime="20211029 13:50:38.538"/>
</kw>
<status status="PASS" starttime="20211029 13:50:37.462" endtime="20211029 13:50:38.539"/>
</kw>
<kw name="Check The Balance" library="actions">
<kw name="Wait For Elements State" library="Browser">
<arg>css=.navbar-item &gt;&gt; text= Olá Papito, seu saldo é R$ 900</arg>
<arg>visible</arg>
<arg>5</arg>
<tag>PageContent</tag>
<tag>Wait</tag>
<doc>Waits for the element found by ``selector`` to satisfy state option.</doc>
<msg timestamp="20211029 13:50:38.564" level="INFO">Wait for Element with selector: css=.navbar-item &gt;&gt; text= Olá Papito, seu saldo é R$ 900</msg>
<status status="PASS" starttime="20211029 13:50:38.540" endtime="20211029 13:50:38.564"/>
</kw>
<status status="PASS" starttime="20211029 13:50:38.539" endtime="20211029 13:50:38.565"/>
</kw>
<kw name="Transaction Should Be Visible" library="actions">
<arg>${pix_valido}</arg>
<kw name="Set Variable" library="BuiltIn">
<var>${element}</var>
<arg>xpath=//td[contains(text(),"${pix_informations}[banco]")]/..</arg>
<doc>Returns the given values which can then be assigned to a variables.</doc>
<msg timestamp="20211029 13:50:38.566" level="INFO">${element} = xpath=//td[contains(text(),"Nubank")]/..</msg>
<status status="PASS" starttime="20211029 13:50:38.566" endtime="20211029 13:50:38.566"/>
</kw>
<kw name="Wait For Elements State" library="Browser">
<arg>${element}</arg>
<arg>visible</arg>
<arg>5</arg>
<tag>PageContent</tag>
<tag>Wait</tag>
<doc>Waits for the element found by ``selector`` to satisfy state option.</doc>
<msg timestamp="20211029 13:50:38.587" level="INFO">Wait for Element with selector: xpath=//td[contains(text(),"Nubank")]/..</msg>
<status status="PASS" starttime="20211029 13:50:38.566" endtime="20211029 13:50:38.587"/>
</kw>
<kw name="Get Text" library="Browser">
<arg>${element}</arg>
<arg>contains</arg>
<arg>${pix_informations}[valor]</arg>
<tag>Assertion</tag>
<tag>Getter</tag>
<tag>PageContent</tag>
<doc>Returns text attribute of the element found by ``selector``.</doc>
<status status="PASS" starttime="20211029 13:50:38.587" endtime="20211029 13:50:38.620"/>
</kw>
<kw name="Get Text" library="Browser">
<arg>${element}</arg>
<arg>contains</arg>
<arg>${pix_informations}[chave_pix]</arg>
<tag>Assertion</tag>
<tag>Getter</tag>
<tag>PageContent</tag>
<doc>Returns text attribute of the element found by ``selector``.</doc>
<status status="PASS" starttime="20211029 13:50:38.620" endtime="20211029 13:50:38.642"/>
</kw>
<kw name="Get Text" library="Browser">
<arg>${element}</arg>
<arg>contains</arg>
<arg>${pix_informations}[banco]</arg>
<tag>Assertion</tag>
<tag>Getter</tag>
<tag>PageContent</tag>
<doc>Returns text attribute of the element found by ``selector``.</doc>
<status status="PASS" starttime="20211029 13:50:38.643" endtime="20211029 13:50:38.665"/>
</kw>
<status status="PASS" starttime="20211029 13:50:38.565" endtime="20211029 13:50:38.665"/>
</kw>
<kw name="End Session" library="base" type="TEARDOWN">
<kw name="Take Screenshot" library="Browser">
<tag>PageContent</tag>
<doc>Takes a screenshot of the current window or element and saves it to disk.</doc>
<msg timestamp="20211029 13:50:38.790" level="INFO" html="true">&lt;/td&gt;&lt;/tr&gt;&lt;tr&gt;&lt;td colspan="3"&gt;&lt;a href="browser/screenshot/robotframework-browser-screenshot-1.png"&gt;&lt;img src="browser/screenshot/robotframework-browser-screenshot-1.png" width="800px"&gt;&lt;/a&gt;</msg>
<status status="PASS" starttime="20211029 13:50:38.666" endtime="20211029 13:50:38.790"/>
</kw>
<status status="PASS" starttime="20211029 13:50:38.665" endtime="20211029 13:50:38.790"/>
</kw>
<tag>pix_valido</tag>
<status status="PASS" starttime="20211029 13:50:28.831" endtime="20211029 13:50:38.790"/>
</test>
<test id="s1-s1-t2" name="Cenario 3: PIX com valor ZERO">
<kw name="Start Session" library="base" type="SETUP">
<kw name="New Browser" library="Browser">
<arg>chromium</arg>
<arg>headless=False</arg>
<arg>slowMo=00:00:01</arg>
<tag>BrowserControl</tag>
<tag>Setter</tag>
<doc>Create a new playwright Browser with specified options.</doc>
<msg timestamp="20211029 13:50:38.880" level="INFO">{"browser": "chromium", "headless": false, "handleSIGINT": true, "handleSIGTERM": true, "handleSIGHUP": true, "timeout": 30000.0, "devtools": false, "slowMo": 1000.0, "tracesDir": "/Users/luccasouza/GravidadeZERO/nBank/logs/browser/traces/a5f3970f-f105-4779-a248-6e30cfc8a815"}</msg>
<msg timestamp="20211029 13:50:39.448" level="INFO">Successfully created browser with options: {"browser":"chromium","headless":false,"handleSIGINT":true,"handleSIGTERM":true,"handleSIGHUP":true,"timeout":30000,"devtools":false,"slowMo":1000,"tracesDir":"/Users/luccasouza/GravidadeZERO/nBank/logs/browser/traces/a5f3970f-f105-4779-a248-6e30cfc8a815"}</msg>
<status status="PASS" starttime="20211029 13:50:38.879" endtime="20211029 13:50:39.448"/>
</kw>
<kw name="New Page" library="Browser">
<arg>${BASE_URL}</arg>
<tag>BrowserControl</tag>
<tag>Setter</tag>
<doc>Open a new Page. A Page is the Playwright equivalent to a tab.
See `Browser, Context and Page` for more information about Page concept.
Returns a stable identifier for the created page.</doc>
<msg timestamp="20211029 13:50:42.400" level="INFO">Successfully initialized new page object and opened url: https://nbank.vercel.app</msg>
<msg timestamp="20211029 13:50:42.400" level="INFO">No context was open. New context was automatically opened when this page is created.</msg>
<status status="PASS" starttime="20211029 13:50:39.449" endtime="20211029 13:50:42.400"/>
</kw>
<status status="PASS" starttime="20211029 13:50:38.878" endtime="20211029 13:50:42.401"/>
</kw>
<kw name="Factory Pix Zerado" library="pix">
<var>${pix_zerado}</var>
<msg timestamp="20211029 13:50:42.402" level="INFO">${pix_zerado} = {'banco': 'Neon', 'chave_pix': '23526722871', 'valor': '0'}</msg>
<status status="PASS" starttime="20211029 13:50:42.401" endtime="20211029 13:50:42.402"/>
</kw>
<kw name="Go To PIX Form" library="actions">
<kw name="Click" library="Browser">
<arg>css=.button &gt;&gt; text=Fazer PIX</arg>
<tag>PageContent</tag>
<tag>Setter</tag>
<doc>Simulates mouse click on the element found by ``selector``.</doc>
<status status="PASS" starttime="20211029 13:50:42.403" endtime="20211029 13:50:43.519"/>
</kw>
<status status="PASS" starttime="20211029 13:50:42.402" endtime="20211029 13:50:43.520"/>
</kw>
<kw name="Fill PIX Form" library="actions">
<arg>${pix_zerado}</arg>
<kw name="Select Options By" library="Browser">
<arg>css=.field select</arg>
<arg>value</arg>
<arg>${pix_form}[banco]</arg>
<tag>PageContent</tag>
<tag>Setter</tag>
<doc>Selects options from select element found by ``selector``.</doc>
<status status="PASS" starttime="20211029 13:50:43.522" endtime="20211029 13:50:44.568"/>
</kw>
<kw name="Fill Text" library="Browser">
<arg>css=#chave-pix</arg>
<arg>${pix_form}[chave_pix]</arg>
<tag>PageContent</tag>
<tag>Setter</tag>
<doc>Clears and fills the given ``txt`` into the text field found by ``selector``.</doc>
<msg timestamp="20211029 13:50:44.569" level="INFO">Fills the text '23526722871' in the given field.</msg>
<status status="PASS" starttime="20211029 13:50:44.569" endtime="20211029 13:50:45.622"/>
</kw>
<kw name="Fill Text" library="Browser">
<arg>css=#valor</arg>
<arg>${pix_form}[valor]</arg>
<tag>PageContent</tag>
<tag>Setter</tag>
<doc>Clears and fills the given ``txt`` into the text field found by ``selector``.</doc>
<msg timestamp="20211029 13:50:45.623" level="INFO">Fills the text '0' in the given field.</msg>
<status status="PASS" starttime="20211029 13:50:45.623" endtime="20211029 13:50:46.667"/>
</kw>
<status status="PASS" starttime="20211029 13:50:43.520" endtime="20211029 13:50:46.667"/>
</kw>
<kw name="Submit Pix Form" library="actions">
<kw name="Click" library="Browser">
<arg>css=button &gt;&gt; text= Enviar PIX</arg>
<tag>PageContent</tag>
<tag>Setter</tag>
<doc>Simulates mouse click on the element found by ``selector``.</doc>
<status status="PASS" starttime="20211029 13:50:46.670" endtime="20211029 13:50:47.756"/>
</kw>
<status status="PASS" starttime="20211029 13:50:46.668" endtime="20211029 13:50:47.756"/>
</kw>
<kw name="Error Message Should Be" library="actions">
<arg>Oops. Transferir ZERO é osso hein...</arg>
<kw name="Wait For Elements State" library="Browser">
<arg>css=.message &gt;&gt; text= ${expected_message}</arg>
<arg>visible</arg>
<tag>PageContent</tag>
<tag>Wait</tag>
<doc>Waits for the element found by ``selector`` to satisfy state option.</doc>
<msg timestamp="20211029 13:50:47.779" level="INFO">Wait for Element with selector: css=.message &gt;&gt; text= Oops. Transferir ZERO é osso hein...</msg>
<status status="PASS" starttime="20211029 13:50:47.758" endtime="20211029 13:50:47.779"/>
</kw>
<status status="PASS" starttime="20211029 13:50:47.757" endtime="20211029 13:50:47.779"/>
</kw>
<kw name="End Session" library="base" type="TEARDOWN">
<kw name="Take Screenshot" library="Browser">
<tag>PageContent</tag>
<doc>Takes a screenshot of the current window or element and saves it to disk.</doc>
<msg timestamp="20211029 13:50:47.912" level="INFO" html="true">&lt;/td&gt;&lt;/tr&gt;&lt;tr&gt;&lt;td colspan="3"&gt;&lt;a href="browser/screenshot/robotframework-browser-screenshot-2.png"&gt;&lt;img src="browser/screenshot/robotframework-browser-screenshot-2.png" width="800px"&gt;&lt;/a&gt;</msg>
<status status="PASS" starttime="20211029 13:50:47.780" endtime="20211029 13:50:47.912"/>
</kw>
<status status="PASS" starttime="20211029 13:50:47.780" endtime="20211029 13:50:47.913"/>
</kw>
<tag>pix_zerado</tag>
<status status="PASS" starttime="20211029 13:50:38.868" endtime="20211029 13:50:47.913"/>
</test>
<test id="s1-s1-t3" name="Cenario 4: PIX com valor NEGATIVO">
<kw name="Start Session" library="base" type="SETUP">
<kw name="New Browser" library="Browser">
<arg>chromium</arg>
<arg>headless=False</arg>
<arg>slowMo=00:00:01</arg>
<tag>BrowserControl</tag>
<tag>Setter</tag>
<doc>Create a new playwright Browser with specified options.</doc>
<msg timestamp="20211029 13:50:48.025" level="INFO">{"browser": "chromium", "headless": false, "handleSIGINT": true, "handleSIGTERM": true, "handleSIGHUP": true, "timeout": 30000.0, "devtools": false, "slowMo": 1000.0, "tracesDir": "/Users/luccasouza/GravidadeZERO/nBank/logs/browser/traces/e9b704b8-f81f-45fe-a06f-4d7536c3a046"}</msg>
<msg timestamp="20211029 13:50:48.666" level="INFO">Successfully created browser with options: {"browser":"chromium","headless":false,"handleSIGINT":true,"handleSIGTERM":true,"handleSIGHUP":true,"timeout":30000,"devtools":false,"slowMo":1000,"tracesDir":"/Users/luccasouza/GravidadeZERO/nBank/logs/browser/traces/e9b704b8-f81f-45fe-a06f-4d7536c3a046"}</msg>
<status status="PASS" starttime="20211029 13:50:48.023" endtime="20211029 13:50:48.666"/>
</kw>
<kw name="New Page" library="Browser">
<arg>${BASE_URL}</arg>
<tag>BrowserControl</tag>
<tag>Setter</tag>
<doc>Open a new Page. A Page is the Playwright equivalent to a tab.
See `Browser, Context and Page` for more information about Page concept.
Returns a stable identifier for the created page.</doc>
<msg timestamp="20211029 13:50:52.021" level="INFO">Successfully initialized new page object and opened url: https://nbank.vercel.app</msg>
<msg timestamp="20211029 13:50:52.021" level="INFO">No context was open. New context was automatically opened when this page is created.</msg>
<status status="PASS" starttime="20211029 13:50:48.667" endtime="20211029 13:50:52.022"/>
</kw>
<status status="PASS" starttime="20211029 13:50:48.023" endtime="20211029 13:50:52.022"/>
</kw>
<kw name="Factory Pix Negativo" library="pix">
<var>${pix_negativo}</var>
<msg timestamp="20211029 13:50:52.023" level="INFO">${pix_negativo} = {'banco': 'Next', 'chave_pix': '23526722871', 'valor': '-1'}</msg>
<status status="PASS" starttime="20211029 13:50:52.023" endtime="20211029 13:50:52.025"/>
</kw>
<kw name="Go To PIX Form" library="actions">
<kw name="Click" library="Browser">
<arg>css=.button &gt;&gt; text=Fazer PIX</arg>
<tag>PageContent</tag>
<tag>Setter</tag>
<doc>Simulates mouse click on the element found by ``selector``.</doc>
<status status="PASS" starttime="20211029 13:50:52.026" endtime="20211029 13:50:53.172"/>
</kw>
<status status="PASS" starttime="20211029 13:50:52.025" endtime="20211029 13:50:53.173"/>
</kw>
<kw name="Fill PIX Form" library="actions">
<arg>${pix_negativo}</arg>
<kw name="Select Options By" library="Browser">
<arg>css=.field select</arg>
<arg>value</arg>
<arg>${pix_form}[banco]</arg>
<tag>PageContent</tag>
<tag>Setter</tag>
<doc>Selects options from select element found by ``selector``.</doc>
<status status="PASS" starttime="20211029 13:50:53.175" endtime="20211029 13:50:54.227"/>
</kw>
<kw name="Fill Text" library="Browser">
<arg>css=#chave-pix</arg>
<arg>${pix_form}[chave_pix]</arg>
<tag>PageContent</tag>
<tag>Setter</tag>
<doc>Clears and fills the given ``txt`` into the text field found by ``selector``.</doc>
<msg timestamp="20211029 13:50:54.228" level="INFO">Fills the text '23526722871' in the given field.</msg>
<status status="PASS" starttime="20211029 13:50:54.227" endtime="20211029 13:50:55.285"/>
</kw>
<kw name="Fill Text" library="Browser">
<arg>css=#valor</arg>
<arg>${pix_form}[valor]</arg>
<tag>PageContent</tag>
<tag>Setter</tag>
<doc>Clears and fills the given ``txt`` into the text field found by ``selector``.</doc>
<msg timestamp="20211029 13:50:55.287" level="INFO">Fills the text '-1' in the given field.</msg>
<status status="PASS" starttime="20211029 13:50:55.286" endtime="20211029 13:50:56.338"/>
</kw>
<status status="PASS" starttime="20211029 13:50:53.173" endtime="20211029 13:50:56.339"/>
</kw>
<kw name="Submit Pix Form" library="actions">
<kw name="Click" library="Browser">
<arg>css=button &gt;&gt; text= Enviar PIX</arg>
<tag>PageContent</tag>
<tag>Setter</tag>
<doc>Simulates mouse click on the element found by ``selector``.</doc>
<status status="PASS" starttime="20211029 13:50:56.340" endtime="20211029 13:50:57.421"/>
</kw>
<status status="PASS" starttime="20211029 13:50:56.339" endtime="20211029 13:50:57.421"/>
</kw>
<kw name="Error Message Should Be" library="actions">
<arg>Oops. Valor para PIX incorreto...</arg>
<kw name="Wait For Elements State" library="Browser">
<arg>css=.message &gt;&gt; text= ${expected_message}</arg>
<arg>visible</arg>
<tag>PageContent</tag>
<tag>Wait</tag>
<doc>Waits for the element found by ``selector`` to satisfy state option.</doc>
<msg timestamp="20211029 13:51:07.597" level="INFO" html="true">&lt;/td&gt;&lt;/tr&gt;&lt;tr&gt;&lt;td colspan="3"&gt;&lt;a href="browser/screenshot/fail-screenshot-1.png"&gt;&lt;img src="browser/screenshot/fail-screenshot-1.png" width="800px"&gt;&lt;/a&gt;</msg>
<msg timestamp="20211029 13:51:07.605" level="FAIL">TimeoutError: page.waitForSelector: Timeout 10000ms exceeded.
=========================== logs ===========================
waiting for selector "css=.message &gt;&gt; text= Oops. Valor para PIX incorreto..." to be visible
============================================================</msg>
<status status="FAIL" starttime="20211029 13:50:57.423" endtime="20211029 13:51:07.605"/>
</kw>
<status status="FAIL" starttime="20211029 13:50:57.422" endtime="20211029 13:51:07.609"/>
</kw>
<kw name="End Session" library="base" type="TEARDOWN">
<kw name="Take Screenshot" library="Browser">
<tag>PageContent</tag>
<doc>Takes a screenshot of the current window or element and saves it to disk.</doc>
<msg timestamp="20211029 13:51:07.743" level="INFO" html="true">&lt;/td&gt;&lt;/tr&gt;&lt;tr&gt;&lt;td colspan="3"&gt;&lt;a href="browser/screenshot/robotframework-browser-screenshot-3.png"&gt;&lt;img src="browser/screenshot/robotframework-browser-screenshot-3.png" width="800px"&gt;&lt;/a&gt;</msg>
<status status="PASS" starttime="20211029 13:51:07.610" endtime="20211029 13:51:07.743"/>
</kw>
<status status="PASS" starttime="20211029 13:51:07.610" endtime="20211029 13:51:07.743"/>
</kw>
<tag>pix_negativo</tag>
<status status="FAIL" starttime="20211029 13:50:48.006" endtime="20211029 13:51:07.743">TimeoutError: page.waitForSelector: Timeout 10000ms exceeded.
=========================== logs ===========================
waiting for selector "css=.message &gt;&gt; text= Oops. Valor para PIX incorreto..." to be visible
============================================================</status>
</test>
<doc>Suite de teste relacionado a funcionalidade pix</doc>
<status status="FAIL" starttime="20211029 13:50:27.193" endtime="20211029 13:51:07.839"/>
</suite>
<suite id="s1-s2" name="Saldo" source="/Users/luccasouza/GravidadeZERO/nBank/Tests/saldo.robot">
<test id="s1-s2-t1" name="Cenario 1: Consulta Saldo">
<kw name="Start Session" library="base" type="SETUP">
<kw name="New Browser" library="Browser">
<arg>chromium</arg>
<arg>headless=False</arg>
<arg>slowMo=00:00:01</arg>
<tag>BrowserControl</tag>
<tag>Setter</tag>
<doc>Create a new playwright Browser with specified options.</doc>
<msg timestamp="20211029 13:51:07.868" level="INFO">{"browser": "chromium", "headless": false, "handleSIGINT": true, "handleSIGTERM": true, "handleSIGHUP": true, "timeout": 30000.0, "devtools": false, "slowMo": 1000.0, "tracesDir": "/Users/luccasouza/GravidadeZERO/nBank/logs/browser/traces/f7aa2fc1-9abe-41ab-803c-ab68b6d46f21"}</msg>
<msg timestamp="20211029 13:51:08.814" level="INFO">Successfully created browser with options: {"browser":"chromium","headless":false,"handleSIGINT":true,"handleSIGTERM":true,"handleSIGHUP":true,"timeout":30000,"devtools":false,"slowMo":1000,"tracesDir":"/Users/luccasouza/GravidadeZERO/nBank/logs/browser/traces/f7aa2fc1-9abe-41ab-803c-ab68b6d46f21"}</msg>
<status status="PASS" starttime="20211029 13:51:07.867" endtime="20211029 13:51:08.814"/>
</kw>
<kw name="New Page" library="Browser">
<arg>${BASE_URL}</arg>
<tag>BrowserControl</tag>
<tag>Setter</tag>
<doc>Open a new Page. A Page is the Playwright equivalent to a tab.
See `Browser, Context and Page` for more information about Page concept.
Returns a stable identifier for the created page.</doc>
<msg timestamp="20211029 13:51:12.216" level="INFO">Successfully initialized new page object and opened url: https://nbank.vercel.app</msg>
<msg timestamp="20211029 13:51:12.216" level="INFO">No context was open. New context was automatically opened when this page is created.</msg>
<status status="PASS" starttime="20211029 13:51:08.815" endtime="20211029 13:51:12.217"/>
</kw>
<status status="PASS" starttime="20211029 13:51:07.867" endtime="20211029 13:51:12.217"/>
</kw>
<kw name="Get Title" library="Browser">
<arg>equal</arg>
<arg>nBank by QAninja</arg>
<tag>Assertion</tag>
<tag>Getter</tag>
<tag>PageContent</tag>
<doc>Returns the title of the current page.</doc>
<status status="PASS" starttime="20211029 13:51:12.218" endtime="20211029 13:51:12.227"/>
</kw>
<kw name="Wait For Elements State" library="Browser">
<arg>css=.navbar-item &gt;&gt; text= Olá Papito, seu saldo é R$ 1000</arg>
<arg>visible</arg>
<arg>5</arg>
<tag>PageContent</tag>
<tag>Wait</tag>
<doc>Waits for the element found by ``selector`` to satisfy state option.</doc>
<msg timestamp="20211029 13:51:12.273" level="INFO">Wait for Element with selector: css=.navbar-item &gt;&gt; text= Olá Papito, seu saldo é R$ 1000</msg>
<status status="PASS" starttime="20211029 13:51:12.227" endtime="20211029 13:51:12.273"/>
</kw>
<kw name="End Session" library="base" type="TEARDOWN">
<kw name="Take Screenshot" library="Browser">
<tag>PageContent</tag>
<doc>Takes a screenshot of the current window or element and saves it to disk.</doc>
<msg timestamp="20211029 13:51:12.445" level="INFO" html="true">&lt;/td&gt;&lt;/tr&gt;&lt;tr&gt;&lt;td colspan="3"&gt;&lt;a href="browser/screenshot/robotframework-browser-screenshot-4.png"&gt;&lt;img src="browser/screenshot/robotframework-browser-screenshot-4.png" width="800px"&gt;&lt;/a&gt;</msg>
<status status="PASS" starttime="20211029 13:51:12.274" endtime="20211029 13:51:12.446"/>
</kw>
<status status="PASS" starttime="20211029 13:51:12.274" endtime="20211029 13:51:12.447"/>
</kw>
<tag>saldo</tag>
<status status="PASS" starttime="20211029 13:51:07.864" endtime="20211029 13:51:12.448"/>
</test>
<doc>Suite de teste relacionados ao saldo</doc>
<status status="PASS" starttime="20211029 13:51:07.849" endtime="20211029 13:51:12.580"/>
</suite>
<status status="FAIL" starttime="20211029 13:50:27.142" endtime="20211029 13:51:12.587"/>
</suite>
<statistics>
<total>
<stat pass="3" fail="1" skip="0">All Tests</stat>
</total>
<tag>
<stat pass="0" fail="1" skip="0">pix_negativo</stat>
<stat pass="1" fail="0" skip="0">pix_valido</stat>
<stat pass="1" fail="0" skip="0">pix_zerado</stat>
<stat pass="1" fail="0" skip="0">saldo</stat>
</tag>
<suite>
<stat pass="3" fail="1" skip="0" id="s1" name="Tests">Tests</stat>
<stat pass="2" fail="1" skip="0" id="s1-s1" name="Pix">Tests.Pix</stat>
<stat pass="1" fail="0" skip="0" id="s1-s2" name="Saldo">Tests.Saldo</stat>
</suite>
</statistics>
<errors>
</errors>
</robot>
